[2025-11-30 22:48:42,054 ] 89 root - INFO - Starting data cleaning process
[2025-11-30 22:48:42,054 ] 34 root - INFO - Loading data from data
[2025-11-30 22:48:42,060 ] 41 root - INFO - Data loaded successfully
[2025-11-30 22:48:42,060 ] 49 root - INFO - Checking for 'na' values
[2025-11-30 22:48:42,071 ] 74 root - INFO - Replacing 'na' values with mode
[2025-11-30 22:48:42,073 ] 79 root - INFO - Successfully replaced 'na' values
[2025-11-30 22:48:42,080 ] 100 root - INFO - Data cleaning process has been completed
[2025-11-30 22:48:42,080 ] 120 root - INFO - Starting vectorstore pipeline
[2025-11-30 22:48:42,090 ] 49 root - INFO - Loading data from artifacts/data_cleaned.csv
[2025-11-30 22:48:42,126 ] 56 root - INFO - Sample data: [Document(metadata={'source': 'artifacts/data_cleaned.csv', 'row': 0}, page_content="Brand Name: C J Enterprise\nProduct Name: Women's Kanjivaram Art Silk Saree Soft Banarasi Style Sari With Blouse Piece For Wedding (Pari122-51)\nRating: 4.0 out of 5 stars\nRating Count: 1,177\nSelling Price: \u20b9499\nMRP: \u20b9999\nOffer: (50% off)"), Document(metadata={'source': 'artifacts/data_cleaned.csv', 'row': 1}, page_content="Brand Name: SGF11\nProduct Name: Women's Kanjivaram Soft Silk Saree With Blouse Piece\nRating: 3.8 out of 5 stars\nRating Count: 1,806\nSelling Price: \u20b9597\nMRP: \u20b95,999\nOffer: (90% off)"), Document(metadata={'source': 'artifacts/data_cleaned.csv', 'row': 2}, page_content="Brand Name: SIRIL\nProduct Name: Women's Lace & Printed Chiffon Saree with Blouse\nRating: 3.8 out of 5 stars\nRating Count: 1,512\nSelling Price: \u20b9498\nMRP: \u20b93,519\nOffer: (86% off)"), Document(metadata={'source': 'artifacts/data_cleaned.csv', 'row': 3}, page_content="Brand Name: SGF11\nProduct Name: Women's Kanjivaram Pure Soft Silk Saree For Women Pure Golden Zari With Blouse Piece\nRating: 4.1 out of 5 stars\nRating Count: 162\nSelling Price: \u20b91,298\nMRP: \u20b98,999\nOffer: (86% off)"), Document(metadata={'source': 'artifacts/data_cleaned.csv', 'row': 4}, page_content="Brand Name: Sidhidata\nProduct Name: Women's Soft Zimmy Choo Fandy Silk Saree With Hand Work Lace Boarder & Comes With Unstitched Blouse Piece (Chhaava)\nRating: 4.5 out of 5 stars\nRating Count: 316\nSelling Price: \u20b9998\nMRP: \u20b92,999\nOffer: (67% off)")]
[2025-11-30 22:48:42,127 ] 57 root - INFO - Successfully loaded 937 documents.
[2025-11-30 22:48:42,127 ] 68 root - INFO - Initializing NVIDIA Embeddings.
[2025-11-30 22:48:42,127 ] 74 root - INFO - Embeddings initialized successfully.
[2025-11-30 22:48:42,127 ] 87 root - INFO - Connecting to Pinecone and creating index: ecommerce-chatbot-project
[2025-11-30 22:48:42,128 ] 12 pinecone_plugin_interface.logging - INFO - Discovering subpackages in _NamespacePath(['C:\\Users\\admin\\Downloads\\Ecommerce-Chatbot-Project-main\\Ecommerce-Chatbot-Project-main\\venv\\lib\\site-packages\\pinecone_plugins'])
[2025-11-30 22:48:42,128 ] 9 pinecone_plugin_interface.logging - INFO - Looking for plugins in pinecone_plugins.inference
[2025-11-30 22:48:42,150 ] 10 pinecone_plugin_interface.logging - INFO - Installing plugin inference into Pinecone
[2025-11-30 22:48:45,454 ] 113 root - ERROR - Error creating vector store: (409)
Reason: Conflict
HTTP response headers: HTTPHeaderDict({'content-type': 'text/plain; charset=utf-8', 'access-control-allow-origin': '*', 'vary': 'origin,access-control-request-method,access-control-request-headers', 'access-control-expose-headers': '*', 'x-pinecone-api-version': '2024-07', 'x-cloud-trace-context': 'b193169061f99326bb87401ba5fb46ad', 'date': 'Sun, 30 Nov 2025 17:18:43 GMT', 'server': 'Google Frontend', 'Content-Length': '85', 'Via': '1.1 google', 'Alt-Svc': 'h3=":443"; ma=2592000,h3-29=":443"; ma=2592000'})
HTTP response body: {"error":{"code":"ALREADY_EXISTS","message":"Resource  already exists"},"status":409}

[2025-11-30 22:48:45,455 ] 129 root - ERROR - Error in pipeline execution: Error occured in python script [C:\Users\admin\Downloads\Ecommerce-Chatbot-Project-main\Ecommerce-Chatbot-Project-main\src\components\vectorstore_builder.py] line number [90] error message [(409)
Reason: Conflict
HTTP response headers: HTTPHeaderDict({'content-type': 'text/plain; charset=utf-8', 'access-control-allow-origin': '*', 'vary': 'origin,access-control-request-method,access-control-request-headers', 'access-control-expose-headers': '*', 'x-pinecone-api-version': '2024-07', 'x-cloud-trace-context': 'b193169061f99326bb87401ba5fb46ad', 'date': 'Sun, 30 Nov 2025 17:18:43 GMT', 'server': 'Google Frontend', 'Content-Length': '85', 'Via': '1.1 google', 'Alt-Svc': 'h3=":443"; ma=2592000,h3-29=":443"; ma=2592000'})
HTTP response body: {"error":{"code":"ALREADY_EXISTS","message":"Resource  already exists"},"status":409}
]
